{"level":"info","message":"Listening on port 3000..."}
{"level":"info","message":"Listening on port 3000..."}
{"level":"info","message":"Listening on port 3000..."}
{"level":"info","message":"Listening on port 3000..."}
{"level":"info","message":"Listening on port 3000..."}
{"level":"info","message":"Listening on port 3000..."}
{"level":"info","message":"Connected to mongodb://localhost/projectmove..."}
{"level":"info","message":"Listening on port 3000..."}
{"level":"info","message":"Connected to mongodb://localhost/projectmove..."}
{"level":"info","message":"Listening on port 3000..."}
{"level":"info","message":"Connected to mongodb://localhost/projectmove..."}
{"level":"info","message":"Listening on port 3000..."}
{"level":"info","message":"Connected to mongodb://localhost/projectmove..."}
{"level":"info","message":"Listening on port 3000..."}
{"level":"info","message":"Connected to mongodb://localhost/projectmove..."}
{"level":"info","message":"Listening on port 3000..."}
{"level":"info","message":"Connected to mongodb://localhost/projectmove..."}
{"level":"info","message":"Listening on port 3000..."}
{"level":"info","message":"Connected to mongodb://localhost/projectmove..."}
{"level":"info","message":"Listening on port 3000..."}
{"level":"info","message":"Connected to mongodb://localhost/projectmove..."}
{"level":"info","message":"Listening on port 3000..."}
{"level":"info","message":"Connected to mongodb://localhost/projectmove..."}
{"level":"info","message":"Listening on port 3000..."}
{"level":"info","message":"Connected to mongodb://localhost/projectmove..."}
{"level":"info","message":"Listening on port 3000..."}
{"level":"info","message":"Connected to mongodb://localhost/projectmove..."}
{"level":"info","message":"Listening on port 3000..."}
{"level":"info","message":"Connected to mongodb://localhost/projectmove..."}
{"level":"info","message":"Listening on port 3000..."}
{"level":"info","message":"Connected to mongodb://localhost/projectmove..."}
{"level":"info","message":"Listening on port 3000..."}
{"level":"info","message":"Connected to mongodb://localhost/projectmove..."}
{"level":"info","message":"Listening on port 3000..."}
{"level":"info","message":"Connected to mongodb://localhost/projectmove..."}
{"level":"info","message":"Listening on port 3000..."}
{"level":"info","message":"Connected to mongodb://localhost/projectmove..."}
{"level":"info","message":"Listening on port 3000..."}
{"level":"info","message":"Connected to mongodb://localhost/projectmove..."}
{"level":"info","message":"Listening on port 3000..."}
{"level":"info","message":"Connected to mongodb://localhost/projectmove..."}
{"level":"info","message":"Listening on port 3000..."}
{"level":"info","message":"Connected to mongodb://localhost/projectmove..."}
{"level":"info","message":"Listening on port 3000..."}
{"level":"info","message":"Connected to mongodb://localhost/projectmove..."}
{"level":"info","message":"Listening on port 3000..."}
{"level":"info","message":"Connected to mongodb://localhost/projectmove..."}
{"level":"info","message":"Listening on port 3000..."}
{"level":"info","message":"Connected to mongodb://localhost/projectmove..."}
{"level":"info","message":"Listening on port 3000..."}
{"level":"info","message":"Connected to mongodb://localhost/projectmove..."}
{"level":"info","message":"Listening on port 3000..."}
{"level":"info","message":"Connected to mongodb://localhost/projectmove..."}
{"level":"info","message":"Listening on port 3000..."}
{"level":"info","message":"Connected to mongodb://localhost/projectmove..."}
{"level":"info","message":"Listening on port 3000..."}
{"level":"info","message":"Connected to mongodb://localhost/projectmove..."}
{"level":"info","message":"Listening on port 3000..."}
{"level":"info","message":"Connected to mongodb://localhost/projectmove..."}
{"level":"info","message":"Listening on port 3000..."}
{"level":"info","message":"Connected to mongodb://localhost/projectmove..."}
{"level":"info","message":"Listening on port 3000..."}
{"level":"info","message":"Connected to mongodb://localhost/projectmove..."}
{"level":"info","message":"Listening on port 3000..."}
{"level":"info","message":"Connected to mongodb://localhost/projectmove..."}
{"level":"info","message":"Listening on port 3000..."}
{"level":"info","message":"Connected to mongodb://localhost/projectmove..."}
{"level":"info","message":"Listening on port 3000..."}
{"level":"info","message":"Connected to mongodb://localhost/projectmove..."}
{"level":"info","message":"Listening on port 3000..."}
{"level":"info","message":"Connected to mongodb://localhost/projectmove..."}
{"level":"info","message":"Listening on port 3000..."}
{"level":"info","message":"Connected to mongodb://localhost/projectmove..."}
{"level":"info","message":"Listening on port 3000..."}
{"level":"info","message":"Connected to mongodb://localhost/projectmove..."}
{"level":"info","message":"Listening on port 3000..."}
{"level":"info","message":"Connected to mongodb://localhost/projectmove..."}
{"level":"info","message":"Listening on port 3000..."}
{"level":"info","message":"Listening on port 3000..."}
{"level":"info","message":"Listening on port 3000..."}
{"level":"info","message":"Listening on port 3000..."}
{"level":"info","message":"Listening on port 3000..."}
{"level":"info","message":"Connected to mongodb+srv://admin:admin@projectmove.9flou.mongodb.net/myFirstDatabase?retryWrites=true&w=majority..."}
{"level":"info","message":"Listening on port 3000..."}
{"level":"info","message":"Connected to mongodb+srv://admin:admin@projectmove.9flou.mongodb.net/myFirstDatabase?retryWrites=true&w=majority..."}
{"level":"info","message":"Listening on port 3000..."}
{"level":"info","message":"Connected to mongodb+srv://admin:admin@projectmove.9flou.mongodb.net/myFirstDatabase?retryWrites=true&w=majority..."}
{"level":"info","message":"Listening on port 3000..."}
{"level":"info","message":"Connected to mongodb+srv://admin:admin@projectmove.9flou.mongodb.net/myFirstDatabase?retryWrites=true&w=majority..."}
{"code":11000,"index":0,"keyPattern":{"email":1},"keyValue":{"email":"test-email@gmail.com"},"level":"error","message":"E11000 duplicate key error collection: myFirstDatabase.users index: email_1 dup key: { email: \"test-email@gmail.com\" } E11000 duplicate key error collection: myFirstDatabase.users index: email_1 dup key: { email: \"test-email@gmail.com\" }","stack":"MongoServerError: E11000 duplicate key error collection: myFirstDatabase.users index: email_1 dup key: { email: \"test-email@gmail.com\" }\n    at D:\\work\\Project_Move\\backend\\node_modules\\mongodb\\lib\\operations\\insert.js:51:33\n    at D:\\work\\Project_Move\\backend\\node_modules\\mongodb\\lib\\cmap\\connection_pool.js:272:25\n    at handleOperationResult (D:\\work\\Project_Move\\backend\\node_modules\\mongodb\\lib\\sdam\\server.js:363:9)\n    at MessageStream.messageHandler (D:\\work\\Project_Move\\backend\\node_modules\\mongodb\\lib\\cmap\\connection.js:479:9)\n    at MessageStream.emit (events.js:400:28)\n    at processIncomingData (D:\\work\\Project_Move\\backend\\node_modules\\mongodb\\lib\\cmap\\message_stream.js:108:16)\n    at MessageStream._write (D:\\work\\Project_Move\\backend\\node_modules\\mongodb\\lib\\cmap\\message_stream.js:28:9)\n    at writeOrBuffer (internal/streams/writable.js:358:12)\n    at MessageStream.Writable.write (internal/streams/writable.js:303:10)\n    at TLSSocket.ondata (internal/streams/readable.js:726:22)"}
{"level":"info","message":"Listening on port 3000..."}
{"level":"info","message":"Listening on port 3000..."}
{"level":"info","message":"Listening on port 3000..."}
{"code":11000,"index":0,"keyPattern":{"email":1},"keyValue":{"email":"test-email@gmail.com"},"level":"error","message":"E11000 duplicate key error collection: myFirstDatabase.users index: email_1 dup key: { email: \"test-email@gmail.com\" } E11000 duplicate key error collection: myFirstDatabase.users index: email_1 dup key: { email: \"test-email@gmail.com\" }","stack":"MongoServerError: E11000 duplicate key error collection: myFirstDatabase.users index: email_1 dup key: { email: \"test-email@gmail.com\" }\n    at D:\\work\\Project_Move\\backend\\node_modules\\mongodb\\lib\\operations\\insert.js:51:33\n    at D:\\work\\Project_Move\\backend\\node_modules\\mongodb\\lib\\cmap\\connection_pool.js:272:25\n    at handleOperationResult (D:\\work\\Project_Move\\backend\\node_modules\\mongodb\\lib\\sdam\\server.js:363:9)\n    at MessageStream.messageHandler (D:\\work\\Project_Move\\backend\\node_modules\\mongodb\\lib\\cmap\\connection.js:479:9)\n    at MessageStream.emit (events.js:400:28)\n    at processIncomingData (D:\\work\\Project_Move\\backend\\node_modules\\mongodb\\lib\\cmap\\message_stream.js:108:16)\n    at MessageStream._write (D:\\work\\Project_Move\\backend\\node_modules\\mongodb\\lib\\cmap\\message_stream.js:28:9)\n    at writeOrBuffer (internal/streams/writable.js:358:12)\n    at MessageStream.Writable.write (internal/streams/writable.js:303:10)\n    at TLSSocket.ondata (internal/streams/readable.js:726:22)"}
{"level":"info","message":"Listening on port 3000..."}
{"code":11000,"index":0,"keyPattern":{"email":1},"keyValue":{"email":"test-email@gmail.com"},"level":"error","message":"E11000 duplicate key error collection: myFirstDatabase.users index: email_1 dup key: { email: \"test-email@gmail.com\" } E11000 duplicate key error collection: myFirstDatabase.users index: email_1 dup key: { email: \"test-email@gmail.com\" }","stack":"MongoServerError: E11000 duplicate key error collection: myFirstDatabase.users index: email_1 dup key: { email: \"test-email@gmail.com\" }\n    at D:\\work\\Project_Move\\backend\\node_modules\\mongodb\\lib\\operations\\insert.js:51:33\n    at D:\\work\\Project_Move\\backend\\node_modules\\mongodb\\lib\\cmap\\connection_pool.js:272:25\n    at handleOperationResult (D:\\work\\Project_Move\\backend\\node_modules\\mongodb\\lib\\sdam\\server.js:363:9)\n    at MessageStream.messageHandler (D:\\work\\Project_Move\\backend\\node_modules\\mongodb\\lib\\cmap\\connection.js:479:9)\n    at MessageStream.emit (events.js:400:28)\n    at processIncomingData (D:\\work\\Project_Move\\backend\\node_modules\\mongodb\\lib\\cmap\\message_stream.js:108:16)\n    at MessageStream._write (D:\\work\\Project_Move\\backend\\node_modules\\mongodb\\lib\\cmap\\message_stream.js:28:9)\n    at writeOrBuffer (internal/streams/writable.js:358:12)\n    at MessageStream.Writable.write (internal/streams/writable.js:303:10)\n    at TLSSocket.ondata (internal/streams/readable.js:726:22)"}
{"code":11000,"index":0,"keyPattern":{"email":1},"keyValue":{"email":"test-email@gmail.com"},"level":"error","message":"E11000 duplicate key error collection: myFirstDatabase.users index: email_1 dup key: { email: \"test-email@gmail.com\" } E11000 duplicate key error collection: myFirstDatabase.users index: email_1 dup key: { email: \"test-email@gmail.com\" }","stack":"MongoServerError: E11000 duplicate key error collection: myFirstDatabase.users index: email_1 dup key: { email: \"test-email@gmail.com\" }\n    at D:\\work\\Project_Move\\backend\\node_modules\\mongodb\\lib\\operations\\insert.js:51:33\n    at D:\\work\\Project_Move\\backend\\node_modules\\mongodb\\lib\\cmap\\connection_pool.js:272:25\n    at handleOperationResult (D:\\work\\Project_Move\\backend\\node_modules\\mongodb\\lib\\sdam\\server.js:363:9)\n    at MessageStream.messageHandler (D:\\work\\Project_Move\\backend\\node_modules\\mongodb\\lib\\cmap\\connection.js:479:9)\n    at MessageStream.emit (events.js:400:28)\n    at processIncomingData (D:\\work\\Project_Move\\backend\\node_modules\\mongodb\\lib\\cmap\\message_stream.js:108:16)\n    at MessageStream._write (D:\\work\\Project_Move\\backend\\node_modules\\mongodb\\lib\\cmap\\message_stream.js:28:9)\n    at writeOrBuffer (internal/streams/writable.js:358:12)\n    at MessageStream.Writable.write (internal/streams/writable.js:303:10)\n    at TLSSocket.ondata (internal/streams/readable.js:726:22)"}
{"level":"info","message":"Listening on port 3000..."}
{"level":"info","message":"Listening on port 3000..."}
{"level":"info","message":"Listening on port 3000..."}
{"code":11000,"index":0,"keyPattern":{"email":1},"keyValue":{"email":"test-email@gmail.com"},"level":"error","message":"E11000 duplicate key error collection: myFirstDatabase.users index: email_1 dup key: { email: \"test-email@gmail.com\" } E11000 duplicate key error collection: myFirstDatabase.users index: email_1 dup key: { email: \"test-email@gmail.com\" }","stack":"MongoServerError: E11000 duplicate key error collection: myFirstDatabase.users index: email_1 dup key: { email: \"test-email@gmail.com\" }\n    at D:\\work\\Project_Move\\backend\\node_modules\\mongodb\\lib\\operations\\insert.js:51:33\n    at D:\\work\\Project_Move\\backend\\node_modules\\mongodb\\lib\\cmap\\connection_pool.js:272:25\n    at handleOperationResult (D:\\work\\Project_Move\\backend\\node_modules\\mongodb\\lib\\sdam\\server.js:363:9)\n    at MessageStream.messageHandler (D:\\work\\Project_Move\\backend\\node_modules\\mongodb\\lib\\cmap\\connection.js:479:9)\n    at MessageStream.emit (events.js:400:28)\n    at processIncomingData (D:\\work\\Project_Move\\backend\\node_modules\\mongodb\\lib\\cmap\\message_stream.js:108:16)\n    at MessageStream._write (D:\\work\\Project_Move\\backend\\node_modules\\mongodb\\lib\\cmap\\message_stream.js:28:9)\n    at writeOrBuffer (internal/streams/writable.js:358:12)\n    at MessageStream.Writable.write (internal/streams/writable.js:303:10)\n    at TLSSocket.ondata (internal/streams/readable.js:726:22)"}
{"level":"error","message":"validate is not defined validate is not defined","stack":"ReferenceError: validate is not defined\n    at D:\\work\\Project_Move\\backend\\routes\\auth.js:9:21\n    at newFn (D:\\work\\Project_Move\\backend\\node_modules\\express-async-errors\\index.js:16:20)\n    at Layer.handle [as handle_request] (D:\\work\\Project_Move\\backend\\node_modules\\express\\lib\\router\\layer.js:95:5)\n    at next (D:\\work\\Project_Move\\backend\\node_modules\\express\\lib\\router\\route.js:137:13)\n    at Route.dispatch (D:\\work\\Project_Move\\backend\\node_modules\\express\\lib\\router\\route.js:112:3)\n    at newFn (D:\\work\\Project_Move\\backend\\node_modules\\express-async-errors\\index.js:16:20)\n    at Layer.handle [as handle_request] (D:\\work\\Project_Move\\backend\\node_modules\\express\\lib\\router\\layer.js:95:5)\n    at D:\\work\\Project_Move\\backend\\node_modules\\express\\lib\\router\\index.js:281:22\n    at Function.process_params (D:\\work\\Project_Move\\backend\\node_modules\\express\\lib\\router\\index.js:335:12)\n    at next (D:\\work\\Project_Move\\backend\\node_modules\\express\\lib\\router\\index.js:275:10)"}
{"level":"error","message":"validate is not defined validate is not defined","stack":"ReferenceError: validate is not defined\n    at D:\\work\\Project_Move\\backend\\routes\\auth.js:9:21\n    at newFn (D:\\work\\Project_Move\\backend\\node_modules\\express-async-errors\\index.js:16:20)\n    at Layer.handle [as handle_request] (D:\\work\\Project_Move\\backend\\node_modules\\express\\lib\\router\\layer.js:95:5)\n    at next (D:\\work\\Project_Move\\backend\\node_modules\\express\\lib\\router\\route.js:137:13)\n    at Route.dispatch (D:\\work\\Project_Move\\backend\\node_modules\\express\\lib\\router\\route.js:112:3)\n    at newFn (D:\\work\\Project_Move\\backend\\node_modules\\express-async-errors\\index.js:16:20)\n    at Layer.handle [as handle_request] (D:\\work\\Project_Move\\backend\\node_modules\\express\\lib\\router\\layer.js:95:5)\n    at D:\\work\\Project_Move\\backend\\node_modules\\express\\lib\\router\\index.js:281:22\n    at Function.process_params (D:\\work\\Project_Move\\backend\\node_modules\\express\\lib\\router\\index.js:335:12)\n    at next (D:\\work\\Project_Move\\backend\\node_modules\\express\\lib\\router\\index.js:275:10)"}
{"level":"info","message":"Listening on port 3000..."}
{"level":"info","message":"Listening on port 3000..."}
{"code":11000,"index":0,"keyPattern":{"email":1},"keyValue":{"email":"user-date@gmail.com"},"level":"error","message":"E11000 duplicate key error collection: myFirstDatabase.users index: email_1 dup key: { email: \"user-date@gmail.com\" } E11000 duplicate key error collection: myFirstDatabase.users index: email_1 dup key: { email: \"user-date@gmail.com\" }","stack":"MongoServerError: E11000 duplicate key error collection: myFirstDatabase.users index: email_1 dup key: { email: \"user-date@gmail.com\" }\n    at D:\\work\\Project_Move\\backend\\node_modules\\mongodb\\lib\\operations\\insert.js:51:33\n    at D:\\work\\Project_Move\\backend\\node_modules\\mongodb\\lib\\cmap\\connection_pool.js:272:25\n    at handleOperationResult (D:\\work\\Project_Move\\backend\\node_modules\\mongodb\\lib\\sdam\\server.js:363:9)\n    at MessageStream.messageHandler (D:\\work\\Project_Move\\backend\\node_modules\\mongodb\\lib\\cmap\\connection.js:479:9)\n    at MessageStream.emit (events.js:400:28)\n    at processIncomingData (D:\\work\\Project_Move\\backend\\node_modules\\mongodb\\lib\\cmap\\message_stream.js:108:16)\n    at MessageStream._write (D:\\work\\Project_Move\\backend\\node_modules\\mongodb\\lib\\cmap\\message_stream.js:28:9)\n    at writeOrBuffer (internal/streams/writable.js:358:12)\n    at MessageStream.Writable.write (internal/streams/writable.js:303:10)\n    at TLSSocket.ondata (internal/streams/readable.js:726:22)"}
{"level":"info","message":"Listening on port 3000..."}
{"level":"info","message":"Listening on port 3000..."}
{"level":"info","message":"Listening on port 3000..."}
{"level":"info","message":"Listening on port 3000..."}
{"level":"info","message":"Listening on port 3000..."}
{"level":"info","message":"Listening on port 3000..."}
{"level":"info","message":"Listening on port 3000..."}
{"level":"info","message":"Listening on port 3000..."}
{"code":11000,"index":0,"keyPattern":{"email":1},"keyValue":{"email":"user-date@gmail.com"},"level":"error","message":"E11000 duplicate key error collection: myFirstDatabase.users index: email_1 dup key: { email: \"user-date@gmail.com\" } E11000 duplicate key error collection: myFirstDatabase.users index: email_1 dup key: { email: \"user-date@gmail.com\" }","stack":"MongoServerError: E11000 duplicate key error collection: myFirstDatabase.users index: email_1 dup key: { email: \"user-date@gmail.com\" }\n    at D:\\work\\Project_Move\\backend\\node_modules\\mongodb\\lib\\operations\\insert.js:51:33\n    at D:\\work\\Project_Move\\backend\\node_modules\\mongodb\\lib\\cmap\\connection_pool.js:272:25\n    at handleOperationResult (D:\\work\\Project_Move\\backend\\node_modules\\mongodb\\lib\\sdam\\server.js:363:9)\n    at MessageStream.messageHandler (D:\\work\\Project_Move\\backend\\node_modules\\mongodb\\lib\\cmap\\connection.js:479:9)\n    at MessageStream.emit (events.js:400:28)\n    at processIncomingData (D:\\work\\Project_Move\\backend\\node_modules\\mongodb\\lib\\cmap\\message_stream.js:108:16)\n    at MessageStream._write (D:\\work\\Project_Move\\backend\\node_modules\\mongodb\\lib\\cmap\\message_stream.js:28:9)\n    at writeOrBuffer (internal/streams/writable.js:358:12)\n    at MessageStream.Writable.write (internal/streams/writable.js:303:10)\n    at TLSSocket.ondata (internal/streams/readable.js:726:22)"}
{"level":"info","message":"Listening on port 3000..."}
{"level":"info","message":"Listening on port 3000..."}
{"level":"info","message":"Listening on port 3000..."}
{"level":"info","message":"Listening on port 3000..."}
{"level":"info","message":"Listening on port 3000..."}
{"level":"info","message":"Listening on port 3000..."}
{"level":"info","message":"Listening on port 3000..."}
{"level":"info","message":"Listening on port 3000..."}
{"level":"info","message":"Listening on port 3000..."}
{"level":"info","message":"Listening on port 3000..."}
{"level":"info","message":"Listening on port 3000..."}
{"level":"info","message":"Listening on port 3000..."}
{"level":"info","message":"Listening on port 3000..."}
{"level":"info","message":"Listening on port 3000..."}
{"level":"info","message":"Listening on port 3000..."}
{"level":"info","message":"Listening on port 3000..."}
{"level":"info","message":"Listening on port 3000..."}
{"code":11000,"index":0,"keyPattern":{"email":1},"keyValue":{"email":"testtesttesttest@gmail.com"},"level":"error","message":"E11000 duplicate key error collection: myFirstDatabase.users index: email_1 dup key: { email: \"testtesttesttest@gmail.com\" } E11000 duplicate key error collection: myFirstDatabase.users index: email_1 dup key: { email: \"testtesttesttest@gmail.com\" }","stack":"MongoServerError: E11000 duplicate key error collection: myFirstDatabase.users index: email_1 dup key: { email: \"testtesttesttest@gmail.com\" }\n    at D:\\work\\Project_Move\\backend\\node_modules\\mongodb\\lib\\operations\\insert.js:51:33\n    at D:\\work\\Project_Move\\backend\\node_modules\\mongodb\\lib\\cmap\\connection_pool.js:272:25\n    at handleOperationResult (D:\\work\\Project_Move\\backend\\node_modules\\mongodb\\lib\\sdam\\server.js:363:9)\n    at MessageStream.messageHandler (D:\\work\\Project_Move\\backend\\node_modules\\mongodb\\lib\\cmap\\connection.js:479:9)\n    at MessageStream.emit (events.js:400:28)\n    at processIncomingData (D:\\work\\Project_Move\\backend\\node_modules\\mongodb\\lib\\cmap\\message_stream.js:108:16)\n    at MessageStream._write (D:\\work\\Project_Move\\backend\\node_modules\\mongodb\\lib\\cmap\\message_stream.js:28:9)\n    at writeOrBuffer (internal/streams/writable.js:358:12)\n    at MessageStream.Writable.write (internal/streams/writable.js:303:10)\n    at TLSSocket.ondata (internal/streams/readable.js:726:22)"}
{"level":"info","message":"Listening on port 3000..."}
{"level":"info","message":"Listening on port 3000..."}
{"code":11000,"index":0,"keyPattern":{"email":1},"keyValue":{"email":"testtesttesttest@gmail.com"},"level":"error","message":"E11000 duplicate key error collection: myFirstDatabase.users index: email_1 dup key: { email: \"testtesttesttest@gmail.com\" } E11000 duplicate key error collection: myFirstDatabase.users index: email_1 dup key: { email: \"testtesttesttest@gmail.com\" }","stack":"MongoServerError: E11000 duplicate key error collection: myFirstDatabase.users index: email_1 dup key: { email: \"testtesttesttest@gmail.com\" }\n    at D:\\work\\Project_Move\\backend\\node_modules\\mongodb\\lib\\operations\\insert.js:51:33\n    at D:\\work\\Project_Move\\backend\\node_modules\\mongodb\\lib\\cmap\\connection_pool.js:272:25\n    at handleOperationResult (D:\\work\\Project_Move\\backend\\node_modules\\mongodb\\lib\\sdam\\server.js:363:9)\n    at MessageStream.messageHandler (D:\\work\\Project_Move\\backend\\node_modules\\mongodb\\lib\\cmap\\connection.js:479:9)\n    at MessageStream.emit (events.js:400:28)\n    at processIncomingData (D:\\work\\Project_Move\\backend\\node_modules\\mongodb\\lib\\cmap\\message_stream.js:108:16)\n    at MessageStream._write (D:\\work\\Project_Move\\backend\\node_modules\\mongodb\\lib\\cmap\\message_stream.js:28:9)\n    at writeOrBuffer (internal/streams/writable.js:358:12)\n    at MessageStream.Writable.write (internal/streams/writable.js:303:10)\n    at TLSSocket.ondata (internal/streams/readable.js:726:22)"}
{"level":"info","message":"Listening on port 3000..."}
{"code":11000,"index":0,"keyPattern":{"email":1},"keyValue":{"email":"testtesttesttest@gmail.com"},"level":"error","message":"E11000 duplicate key error collection: myFirstDatabase.users index: email_1 dup key: { email: \"testtesttesttest@gmail.com\" } E11000 duplicate key error collection: myFirstDatabase.users index: email_1 dup key: { email: \"testtesttesttest@gmail.com\" }","stack":"MongoServerError: E11000 duplicate key error collection: myFirstDatabase.users index: email_1 dup key: { email: \"testtesttesttest@gmail.com\" }\n    at D:\\work\\Project_Move\\backend\\node_modules\\mongodb\\lib\\operations\\insert.js:51:33\n    at D:\\work\\Project_Move\\backend\\node_modules\\mongodb\\lib\\cmap\\connection_pool.js:272:25\n    at handleOperationResult (D:\\work\\Project_Move\\backend\\node_modules\\mongodb\\lib\\sdam\\server.js:363:9)\n    at MessageStream.messageHandler (D:\\work\\Project_Move\\backend\\node_modules\\mongodb\\lib\\cmap\\connection.js:479:9)\n    at MessageStream.emit (events.js:400:28)\n    at processIncomingData (D:\\work\\Project_Move\\backend\\node_modules\\mongodb\\lib\\cmap\\message_stream.js:108:16)\n    at MessageStream._write (D:\\work\\Project_Move\\backend\\node_modules\\mongodb\\lib\\cmap\\message_stream.js:28:9)\n    at writeOrBuffer (internal/streams/writable.js:358:12)\n    at MessageStream.Writable.write (internal/streams/writable.js:303:10)\n    at TLSSocket.ondata (internal/streams/readable.js:726:22)"}
{"level":"info","message":"Listening on port 3000..."}
{"level":"info","message":"Listening on port 3000..."}
{"level":"info","message":"Listening on port 3000..."}
{"level":"info","message":"Listening on port 3000..."}
{"level":"info","message":"Listening on port 3000..."}
{"level":"info","message":"Listening on port 3000..."}
{"level":"info","message":"Listening on port 3000..."}
{"level":"info","message":"Listening on port 3000..."}
{"level":"info","message":"Listening on port 3000..."}
{"level":"error","message":"bcrypt is not defined bcrypt is not defined","stack":"ReferenceError: bcrypt is not defined\n    at D:\\work\\Project_Move\\backend\\routes\\users.js:31:16\n    at newFn (D:\\work\\Project_Move\\backend\\node_modules\\express-async-errors\\index.js:16:20)\n    at Layer.handle [as handle_request] (D:\\work\\Project_Move\\backend\\node_modules\\express\\lib\\router\\layer.js:95:5)\n    at next (D:\\work\\Project_Move\\backend\\node_modules\\express\\lib\\router\\route.js:137:13)\n    at Route.dispatch (D:\\work\\Project_Move\\backend\\node_modules\\express\\lib\\router\\route.js:112:3)\n    at newFn (D:\\work\\Project_Move\\backend\\node_modules\\express-async-errors\\index.js:16:20)\n    at Layer.handle [as handle_request] (D:\\work\\Project_Move\\backend\\node_modules\\express\\lib\\router\\layer.js:95:5)\n    at D:\\work\\Project_Move\\backend\\node_modules\\express\\lib\\router\\index.js:281:22\n    at Function.process_params (D:\\work\\Project_Move\\backend\\node_modules\\express\\lib\\router\\index.js:335:12)\n    at next (D:\\work\\Project_Move\\backend\\node_modules\\express\\lib\\router\\index.js:275:10)"}
{"level":"info","message":"Listening on port 3000..."}
{"level":"info","message":"Listening on port 3000..."}
{"level":"info","message":"Listening on port 3000..."}
{"level":"info","message":"Listening on port 3000..."}
{"level":"info","message":"Listening on port 3000..."}
{"level":"info","message":"Listening on port 3000..."}
{"level":"info","message":"Listening on port 3000..."}
{"level":"info","message":"Listening on port 3000..."}
{"level":"info","message":"Listening on port 3000..."}
{"level":"info","message":"Listening on port 3000..."}
{"level":"info","message":"Listening on port 3000..."}
{"level":"info","message":"Listening on port 3000..."}
{"code":11000,"index":0,"keyPattern":{"email":1},"keyValue":{"email":"itShould?@gmail.com"},"level":"error","message":"E11000 duplicate key error collection: myFirstDatabase.users index: email_1 dup key: { email: \"itShould?@gmail.com\" } E11000 duplicate key error collection: myFirstDatabase.users index: email_1 dup key: { email: \"itShould?@gmail.com\" }","stack":"MongoServerError: E11000 duplicate key error collection: myFirstDatabase.users index: email_1 dup key: { email: \"itShould?@gmail.com\" }\n    at D:\\work\\Project_Move\\backend\\node_modules\\mongodb\\lib\\operations\\insert.js:51:33\n    at D:\\work\\Project_Move\\backend\\node_modules\\mongodb\\lib\\cmap\\connection_pool.js:272:25\n    at handleOperationResult (D:\\work\\Project_Move\\backend\\node_modules\\mongodb\\lib\\sdam\\server.js:363:9)\n    at MessageStream.messageHandler (D:\\work\\Project_Move\\backend\\node_modules\\mongodb\\lib\\cmap\\connection.js:479:9)\n    at MessageStream.emit (events.js:400:28)\n    at processIncomingData (D:\\work\\Project_Move\\backend\\node_modules\\mongodb\\lib\\cmap\\message_stream.js:108:16)\n    at MessageStream._write (D:\\work\\Project_Move\\backend\\node_modules\\mongodb\\lib\\cmap\\message_stream.js:28:9)\n    at writeOrBuffer (internal/streams/writable.js:358:12)\n    at MessageStream.Writable.write (internal/streams/writable.js:303:10)\n    at TLSSocket.ondata (internal/streams/readable.js:726:22)"}
{"level":"info","message":"Listening on port 3000..."}
{"level":"info","message":"Listening on port 3000..."}
{"_message":"Listing validation failed","errors":{"category":{"kind":"required","message":"Path `category` is required.","name":"ValidatorError","path":"category","properties":{"message":"Path `category` is required.","path":"category","type":"required"}}},"level":"error","message":"Listing validation failed: category: Path `category` is required. Listing validation failed: category: Path `category` is required.","stack":"ValidationError: Listing validation failed: category: Path `category` is required.\n    at model.Document.invalidate (D:\\work\\Project_Move\\backend\\node_modules\\mongoose\\lib\\document.js:2890:32)\n    at D:\\work\\Project_Move\\backend\\node_modules\\mongoose\\lib\\document.js:2681:17\n    at D:\\work\\Project_Move\\backend\\node_modules\\mongoose\\lib\\schematype.js:1280:9\n    at processTicksAndRejections (internal/process/task_queues.js:77:11)"}
{"code":11000,"index":0,"keyPattern":{"email":1},"keyValue":{"email":"itShould?fgdg@gmail.com"},"level":"error","message":"E11000 duplicate key error collection: myFirstDatabase.users index: email_1 dup key: { email: \"itShould?fgdg@gmail.com\" } E11000 duplicate key error collection: myFirstDatabase.users index: email_1 dup key: { email: \"itShould?fgdg@gmail.com\" }","stack":"MongoServerError: E11000 duplicate key error collection: myFirstDatabase.users index: email_1 dup key: { email: \"itShould?fgdg@gmail.com\" }\n    at D:\\work\\Project_Move\\backend\\node_modules\\mongodb\\lib\\operations\\insert.js:51:33\n    at D:\\work\\Project_Move\\backend\\node_modules\\mongodb\\lib\\cmap\\connection_pool.js:272:25\n    at handleOperationResult (D:\\work\\Project_Move\\backend\\node_modules\\mongodb\\lib\\sdam\\server.js:363:9)\n    at MessageStream.messageHandler (D:\\work\\Project_Move\\backend\\node_modules\\mongodb\\lib\\cmap\\connection.js:479:9)\n    at MessageStream.emit (events.js:400:28)\n    at processIncomingData (D:\\work\\Project_Move\\backend\\node_modules\\mongodb\\lib\\cmap\\message_stream.js:108:16)\n    at MessageStream._write (D:\\work\\Project_Move\\backend\\node_modules\\mongodb\\lib\\cmap\\message_stream.js:28:9)\n    at writeOrBuffer (internal/streams/writable.js:358:12)\n    at MessageStream.Writable.write (internal/streams/writable.js:303:10)\n    at TLSSocket.ondata (internal/streams/readable.js:726:22)"}
{"level":"info","message":"Listening on port 3000..."}
{"_message":"Listing validation failed","errors":{"category":{"kind":"required","message":"Path `category` is required.","name":"ValidatorError","path":"category","properties":{"message":"Path `category` is required.","path":"category","type":"required"}}},"level":"error","message":"Listing validation failed: category: Path `category` is required. Listing validation failed: category: Path `category` is required.","stack":"ValidationError: Listing validation failed: category: Path `category` is required.\n    at model.Document.invalidate (D:\\work\\Project_Move\\backend\\node_modules\\mongoose\\lib\\document.js:2890:32)\n    at D:\\work\\Project_Move\\backend\\node_modules\\mongoose\\lib\\document.js:2681:17\n    at D:\\work\\Project_Move\\backend\\node_modules\\mongoose\\lib\\schematype.js:1280:9\n    at processTicksAndRejections (internal/process/task_queues.js:77:11)"}
{"level":"info","message":"Listening on port 3000..."}
{"_message":"Listing validation failed","errors":{"category":{"kind":"required","message":"Path `category` is required.","name":"ValidatorError","path":"category","properties":{"message":"Path `category` is required.","path":"category","type":"required"}}},"level":"error","message":"Listing validation failed: category: Path `category` is required. Listing validation failed: category: Path `category` is required.","stack":"ValidationError: Listing validation failed: category: Path `category` is required.\n    at model.Document.invalidate (D:\\work\\Project_Move\\backend\\node_modules\\mongoose\\lib\\document.js:2890:32)\n    at D:\\work\\Project_Move\\backend\\node_modules\\mongoose\\lib\\document.js:2681:17\n    at D:\\work\\Project_Move\\backend\\node_modules\\mongoose\\lib\\schematype.js:1280:9\n    at processTicksAndRejections (internal/process/task_queues.js:77:11)"}
{"body":"{\r\n    \"name\":\"house by the lake\",\r\n}","expose":true,"level":"error","message":"Unexpected token } in JSON at position 36 Unexpected token } in JSON at position 36","stack":"SyntaxError: Unexpected token } in JSON at position 36\n    at JSON.parse (<anonymous>)\n    at parse (D:\\work\\Project_Move\\backend\\node_modules\\body-parser\\lib\\types\\json.js:89:19)\n    at D:\\work\\Project_Move\\backend\\node_modules\\body-parser\\lib\\read.js:121:18\n    at invokeCallback (D:\\work\\Project_Move\\backend\\node_modules\\raw-body\\index.js:224:16)\n    at done (D:\\work\\Project_Move\\backend\\node_modules\\raw-body\\index.js:213:7)\n    at IncomingMessage.onEnd (D:\\work\\Project_Move\\backend\\node_modules\\raw-body\\index.js:273:7)\n    at IncomingMessage.emit (events.js:412:35)\n    at endReadableNT (internal/streams/readable.js:1317:12)\n    at processTicksAndRejections (internal/process/task_queues.js:82:21)","status":400,"statusCode":400,"type":"entity.parse.failed"}
{"_message":"Listing validation failed","errors":{"category":{"kind":"required","message":"Path `category` is required.","name":"ValidatorError","path":"category","properties":{"message":"Path `category` is required.","path":"category","type":"required"}}},"level":"error","message":"Listing validation failed: category: Path `category` is required. Listing validation failed: category: Path `category` is required.","stack":"ValidationError: Listing validation failed: category: Path `category` is required.\n    at model.Document.invalidate (D:\\work\\Project_Move\\backend\\node_modules\\mongoose\\lib\\document.js:2890:32)\n    at D:\\work\\Project_Move\\backend\\node_modules\\mongoose\\lib\\document.js:2681:17\n    at D:\\work\\Project_Move\\backend\\node_modules\\mongoose\\lib\\schematype.js:1280:9\n    at processTicksAndRejections (internal/process/task_queues.js:77:11)"}
{"level":"info","message":"Listening on port 3000..."}
{"level":"info","message":"Listening on port 3000..."}
{"level":"info","message":"Listening on port 3000..."}
{"level":"info","message":"Listening on port 3000..."}
{"_message":"Listing validation failed","errors":{"category":{"kind":"required","message":"Path `category` is required.","name":"ValidatorError","path":"category","properties":{"message":"Path `category` is required.","path":"category","type":"required"}}},"level":"error","message":"Listing validation failed: category: Path `category` is required. Listing validation failed: category: Path `category` is required.","stack":"ValidationError: Listing validation failed: category: Path `category` is required.\n    at model.Document.invalidate (D:\\work\\Project_Move\\backend\\node_modules\\mongoose\\lib\\document.js:2890:32)\n    at D:\\work\\Project_Move\\backend\\node_modules\\mongoose\\lib\\document.js:2681:17\n    at D:\\work\\Project_Move\\backend\\node_modules\\mongoose\\lib\\schematype.js:1280:9\n    at processTicksAndRejections (internal/process/task_queues.js:77:11)"}
{"level":"info","message":"Listening on port 3000..."}
{"level":"info","message":"Listening on port 3000..."}
{"_message":"Listing validation failed","errors":{"category":{"kind":"required","message":"Path `category` is required.","name":"ValidatorError","path":"category","properties":{"message":"Path `category` is required.","path":"category","type":"required"}}},"level":"error","message":"Listing validation failed: category: Path `category` is required. Listing validation failed: category: Path `category` is required.","stack":"ValidationError: Listing validation failed: category: Path `category` is required.\n    at model.Document.invalidate (D:\\work\\Project_Move\\backend\\node_modules\\mongoose\\lib\\document.js:2890:32)\n    at D:\\work\\Project_Move\\backend\\node_modules\\mongoose\\lib\\document.js:2681:17\n    at D:\\work\\Project_Move\\backend\\node_modules\\mongoose\\lib\\schematype.js:1280:9\n    at processTicksAndRejections (internal/process/task_queues.js:77:11)"}
{"_message":"Listing validation failed","errors":{"category":{"kind":"required","message":"Path `category` is required.","name":"ValidatorError","path":"category","properties":{"message":"Path `category` is required.","path":"category","type":"required"}}},"level":"error","message":"Listing validation failed: category: Path `category` is required. Listing validation failed: category: Path `category` is required.","stack":"ValidationError: Listing validation failed: category: Path `category` is required.\n    at model.Document.invalidate (D:\\work\\Project_Move\\backend\\node_modules\\mongoose\\lib\\document.js:2890:32)\n    at D:\\work\\Project_Move\\backend\\node_modules\\mongoose\\lib\\document.js:2681:17\n    at D:\\work\\Project_Move\\backend\\node_modules\\mongoose\\lib\\schematype.js:1280:9\n    at processTicksAndRejections (internal/process/task_queues.js:77:11)"}
{"_message":"Listing validation failed","errors":{"category":{"kind":"required","message":"Path `category` is required.","name":"ValidatorError","path":"category","properties":{"message":"Path `category` is required.","path":"category","type":"required"}}},"level":"error","message":"Listing validation failed: category: Path `category` is required. Listing validation failed: category: Path `category` is required.","stack":"ValidationError: Listing validation failed: category: Path `category` is required.\n    at model.Document.invalidate (D:\\work\\Project_Move\\backend\\node_modules\\mongoose\\lib\\document.js:2890:32)\n    at D:\\work\\Project_Move\\backend\\node_modules\\mongoose\\lib\\document.js:2681:17\n    at D:\\work\\Project_Move\\backend\\node_modules\\mongoose\\lib\\schematype.js:1280:9\n    at processTicksAndRejections (internal/process/task_queues.js:77:11)"}
{"_message":"Listing validation failed","errors":{"category":{"kind":"required","message":"Path `category` is required.","name":"ValidatorError","path":"category","properties":{"message":"Path `category` is required.","path":"category","type":"required"}}},"level":"error","message":"Listing validation failed: category: Path `category` is required. Listing validation failed: category: Path `category` is required.","stack":"ValidationError: Listing validation failed: category: Path `category` is required.\n    at model.Document.invalidate (D:\\work\\Project_Move\\backend\\node_modules\\mongoose\\lib\\document.js:2890:32)\n    at D:\\work\\Project_Move\\backend\\node_modules\\mongoose\\lib\\document.js:2681:17\n    at D:\\work\\Project_Move\\backend\\node_modules\\mongoose\\lib\\schematype.js:1280:9\n    at processTicksAndRejections (internal/process/task_queues.js:77:11)"}
{"level":"info","message":"Listening on port 3000..."}
{"level":"info","message":"Listening on port 3000..."}
{"level":"info","message":"Listening on port 3000..."}
{"_message":"Listing validation failed","errors":{"category":{"kind":"required","message":"Path `category` is required.","name":"ValidatorError","path":"category","properties":{"message":"Path `category` is required.","path":"category","type":"required"}}},"level":"error","message":"Listing validation failed: category: Path `category` is required. Listing validation failed: category: Path `category` is required.","stack":"ValidationError: Listing validation failed: category: Path `category` is required.\n    at model.Document.invalidate (D:\\work\\Project_Move\\backend\\node_modules\\mongoose\\lib\\document.js:2890:32)\n    at D:\\work\\Project_Move\\backend\\node_modules\\mongoose\\lib\\document.js:2681:17\n    at D:\\work\\Project_Move\\backend\\node_modules\\mongoose\\lib\\schematype.js:1280:9\n    at processTicksAndRejections (internal/process/task_queues.js:77:11)"}
{"level":"info","message":"Listening on port 3000..."}
{"level":"info","message":"Listening on port 3000..."}
{"level":"info","message":"Listening on port 3000..."}
{"_message":"Listing validation failed","errors":{"category":{"kind":"required","message":"Path `category` is required.","name":"ValidatorError","path":"category","properties":{"message":"Path `category` is required.","path":"category","type":"required"}}},"level":"error","message":"Listing validation failed: category: Path `category` is required. Listing validation failed: category: Path `category` is required.","stack":"ValidationError: Listing validation failed: category: Path `category` is required.\n    at model.Document.invalidate (D:\\work\\Project_Move\\backend\\node_modules\\mongoose\\lib\\document.js:2890:32)\n    at D:\\work\\Project_Move\\backend\\node_modules\\mongoose\\lib\\document.js:2681:17\n    at D:\\work\\Project_Move\\backend\\node_modules\\mongoose\\lib\\schematype.js:1280:9\n    at processTicksAndRejections (internal/process/task_queues.js:77:11)"}
{"_message":"Listing validation failed","errors":{"category":{"kind":"required","message":"Path `category` is required.","name":"ValidatorError","path":"category","properties":{"message":"Path `category` is required.","path":"category","type":"required"}}},"level":"error","message":"Listing validation failed: category: Path `category` is required. Listing validation failed: category: Path `category` is required.","stack":"ValidationError: Listing validation failed: category: Path `category` is required.\n    at model.Document.invalidate (D:\\work\\Project_Move\\backend\\node_modules\\mongoose\\lib\\document.js:2890:32)\n    at D:\\work\\Project_Move\\backend\\node_modules\\mongoose\\lib\\document.js:2681:17\n    at D:\\work\\Project_Move\\backend\\node_modules\\mongoose\\lib\\schematype.js:1280:9\n    at processTicksAndRejections (internal/process/task_queues.js:77:11)"}
{"level":"info","message":"Listening on port 3000..."}
{"_message":"Listing validation failed","errors":{"category":{"kind":"required","message":"Path `category` is required.","name":"ValidatorError","path":"category","properties":{"message":"Path `category` is required.","path":"category","type":"required"}}},"level":"error","message":"Listing validation failed: category: Path `category` is required. Listing validation failed: category: Path `category` is required.","stack":"ValidationError: Listing validation failed: category: Path `category` is required.\n    at model.Document.invalidate (D:\\work\\Project_Move\\backend\\node_modules\\mongoose\\lib\\document.js:2890:32)\n    at D:\\work\\Project_Move\\backend\\node_modules\\mongoose\\lib\\document.js:2681:17\n    at D:\\work\\Project_Move\\backend\\node_modules\\mongoose\\lib\\schematype.js:1280:9\n    at processTicksAndRejections (internal/process/task_queues.js:77:11)"}
{"_message":"Listing validation failed","errors":{"category":{"kind":"required","message":"Path `category` is required.","name":"ValidatorError","path":"category","properties":{"message":"Path `category` is required.","path":"category","type":"required"}}},"level":"error","message":"Listing validation failed: category: Path `category` is required. Listing validation failed: category: Path `category` is required.","stack":"ValidationError: Listing validation failed: category: Path `category` is required.\n    at model.Document.invalidate (D:\\work\\Project_Move\\backend\\node_modules\\mongoose\\lib\\document.js:2890:32)\n    at D:\\work\\Project_Move\\backend\\node_modules\\mongoose\\lib\\document.js:2681:17\n    at D:\\work\\Project_Move\\backend\\node_modules\\mongoose\\lib\\schematype.js:1280:9\n    at processTicksAndRejections (internal/process/task_queues.js:77:11)"}
{"_message":"Listing validation failed","errors":{"category":{"kind":"required","message":"Path `category` is required.","name":"ValidatorError","path":"category","properties":{"message":"Path `category` is required.","path":"category","type":"required"}}},"level":"error","message":"Listing validation failed: category: Path `category` is required. Listing validation failed: category: Path `category` is required.","stack":"ValidationError: Listing validation failed: category: Path `category` is required.\n    at model.Document.invalidate (D:\\work\\Project_Move\\backend\\node_modules\\mongoose\\lib\\document.js:2890:32)\n    at D:\\work\\Project_Move\\backend\\node_modules\\mongoose\\lib\\document.js:2681:17\n    at D:\\work\\Project_Move\\backend\\node_modules\\mongoose\\lib\\schematype.js:1280:9\n    at processTicksAndRejections (internal/process/task_queues.js:77:11)"}
{"level":"info","message":"Listening on port 3000..."}
{"level":"info","message":"Listening on port 3000..."}
{"level":"error","message":"listing is not defined listing is not defined","stack":"ReferenceError: listing is not defined\n    at D:\\work\\Project_Move\\backend\\routes\\listing.js:23:15\n    at processTicksAndRejections (internal/process/task_queues.js:95:5)"}
{"level":"error","message":"listing is not defined listing is not defined","stack":"ReferenceError: listing is not defined\n    at D:\\work\\Project_Move\\backend\\routes\\listing.js:23:15\n    at processTicksAndRejections (internal/process/task_queues.js:95:5)"}
{"level":"info","message":"Listening on port 3000..."}
{"level":"error","message":"listing is not defined listing is not defined","stack":"ReferenceError: listing is not defined\n    at D:\\work\\Project_Move\\backend\\routes\\listing.js:23:15\n    at processTicksAndRejections (internal/process/task_queues.js:95:5)"}
{"level":"info","message":"Listening on port 3000..."}
{"body":"{\r\n    \"name\":\"byTheLake\",\r\n}","expose":true,"level":"error","message":"Unexpected token } in JSON at position 28 Unexpected token } in JSON at position 28","stack":"SyntaxError: Unexpected token } in JSON at position 28\n    at JSON.parse (<anonymous>)\n    at parse (D:\\work\\Project_Move\\backend\\node_modules\\body-parser\\lib\\types\\json.js:89:19)\n    at D:\\work\\Project_Move\\backend\\node_modules\\body-parser\\lib\\read.js:121:18\n    at invokeCallback (D:\\work\\Project_Move\\backend\\node_modules\\raw-body\\index.js:224:16)\n    at done (D:\\work\\Project_Move\\backend\\node_modules\\raw-body\\index.js:213:7)\n    at IncomingMessage.onEnd (D:\\work\\Project_Move\\backend\\node_modules\\raw-body\\index.js:273:7)\n    at IncomingMessage.emit (events.js:412:35)\n    at endReadableNT (internal/streams/readable.js:1317:12)\n    at processTicksAndRejections (internal/process/task_queues.js:82:21)","status":400,"statusCode":400,"type":"entity.parse.failed"}
{"_message":"Listing validation failed","errors":{"category":{"kind":"required","message":"Path `category` is required.","name":"ValidatorError","path":"category","properties":{"message":"Path `category` is required.","path":"category","type":"required"}}},"level":"error","message":"Listing validation failed: category: Path `category` is required. Listing validation failed: category: Path `category` is required.","stack":"ValidationError: Listing validation failed: category: Path `category` is required.\n    at model.Document.invalidate (D:\\work\\Project_Move\\backend\\node_modules\\mongoose\\lib\\document.js:2890:32)\n    at D:\\work\\Project_Move\\backend\\node_modules\\mongoose\\lib\\document.js:2681:17\n    at D:\\work\\Project_Move\\backend\\node_modules\\mongoose\\lib\\schematype.js:1280:9\n    at processTicksAndRejections (internal/process/task_queues.js:77:11)"}
{"_message":"Listing validation failed","errors":{"category":{"kind":"required","message":"Path `category` is required.","name":"ValidatorError","path":"category","properties":{"message":"Path `category` is required.","path":"category","type":"required"}}},"level":"error","message":"Listing validation failed: category: Path `category` is required. Listing validation failed: category: Path `category` is required.","stack":"ValidationError: Listing validation failed: category: Path `category` is required.\n    at model.Document.invalidate (D:\\work\\Project_Move\\backend\\node_modules\\mongoose\\lib\\document.js:2890:32)\n    at D:\\work\\Project_Move\\backend\\node_modules\\mongoose\\lib\\document.js:2681:17\n    at D:\\work\\Project_Move\\backend\\node_modules\\mongoose\\lib\\schematype.js:1280:9\n    at processTicksAndRejections (internal/process/task_queues.js:77:11)"}
{"level":"info","message":"Listening on port 3000..."}
{"level":"info","message":"Listening on port 3000..."}
{"_message":"Listing validation failed","errors":{"category":{"kind":"enum","message":"`gfdgfd` is not a valid enum value for path `category`.","name":"ValidatorError","path":"category","properties":{"enumValues":["apartment","studio apartment","house"],"message":"`gfdgfd` is not a valid enum value for path `category`.","path":"category","type":"enum","value":"gfdgfd"},"value":"gfdgfd"}},"level":"error","message":"Listing validation failed: category: `gfdgfd` is not a valid enum value for path `category`. Listing validation failed: category: `gfdgfd` is not a valid enum value for path `category`.","stack":"ValidationError: Listing validation failed: category: `gfdgfd` is not a valid enum value for path `category`.\n    at model.Document.invalidate (D:\\work\\Project_Move\\backend\\node_modules\\mongoose\\lib\\document.js:2890:32)\n    at D:\\work\\Project_Move\\backend\\node_modules\\mongoose\\lib\\document.js:2681:17\n    at D:\\work\\Project_Move\\backend\\node_modules\\mongoose\\lib\\schematype.js:1280:9\n    at processTicksAndRejections (internal/process/task_queues.js:77:11)"}
{"level":"info","message":"Listening on port 3000..."}
{"level":"info","message":"Listening on port 3000..."}
{"level":"info","message":"Listening on port 3000..."}
{"level":"info","message":"Listening on port 3000..."}
{"level":"info","message":"Listening on port 3000..."}
{"level":"info","message":"Listening on port 3000..."}
{"_message":"Listing validation failed","errors":{"category":{"kind":"required","message":"Path `category` is required.","name":"ValidatorError","path":"category","properties":{"message":"Path `category` is required.","path":"category","type":"required","value":""},"value":""}},"level":"error","message":"Listing validation failed: category: Path `category` is required. Listing validation failed: category: Path `category` is required.","stack":"ValidationError: Listing validation failed: category: Path `category` is required.\n    at model.Document.invalidate (D:\\work\\Project_Move\\backend\\node_modules\\mongoose\\lib\\document.js:2890:32)\n    at D:\\work\\Project_Move\\backend\\node_modules\\mongoose\\lib\\document.js:2681:17\n    at D:\\work\\Project_Move\\backend\\node_modules\\mongoose\\lib\\schematype.js:1280:9\n    at processTicksAndRejections (internal/process/task_queues.js:77:11)"}
{"_message":"Listing validation failed","errors":{"category":{"kind":"enum","message":"`gfdgdfg` is not a valid enum value for path `category`.","name":"ValidatorError","path":"category","properties":{"enumValues":["apartment","studio apartment","house"],"message":"`gfdgdfg` is not a valid enum value for path `category`.","path":"category","type":"enum","value":"gfdgdfg"},"value":"gfdgdfg"}},"level":"error","message":"Listing validation failed: category: `gfdgdfg` is not a valid enum value for path `category`. Listing validation failed: category: `gfdgdfg` is not a valid enum value for path `category`.","stack":"ValidationError: Listing validation failed: category: `gfdgdfg` is not a valid enum value for path `category`.\n    at model.Document.invalidate (D:\\work\\Project_Move\\backend\\node_modules\\mongoose\\lib\\document.js:2890:32)\n    at D:\\work\\Project_Move\\backend\\node_modules\\mongoose\\lib\\document.js:2681:17\n    at D:\\work\\Project_Move\\backend\\node_modules\\mongoose\\lib\\schematype.js:1280:9\n    at processTicksAndRejections (internal/process/task_queues.js:77:11)"}
{"_message":"Listing validation failed","errors":{"category":{"kind":"enum","message":"`gfdgdfg` is not a valid enum value for path `category`.","name":"ValidatorError","path":"category","properties":{"enumValues":["apartment","studio apartment","house"],"message":"`gfdgdfg` is not a valid enum value for path `category`.","path":"category","type":"enum","value":"gfdgdfg"},"value":"gfdgdfg"}},"level":"error","message":"Listing validation failed: category: `gfdgdfg` is not a valid enum value for path `category`. Listing validation failed: category: `gfdgdfg` is not a valid enum value for path `category`.","stack":"ValidationError: Listing validation failed: category: `gfdgdfg` is not a valid enum value for path `category`.\n    at model.Document.invalidate (D:\\work\\Project_Move\\backend\\node_modules\\mongoose\\lib\\document.js:2890:32)\n    at D:\\work\\Project_Move\\backend\\node_modules\\mongoose\\lib\\document.js:2681:17\n    at D:\\work\\Project_Move\\backend\\node_modules\\mongoose\\lib\\schematype.js:1280:9\n    at processTicksAndRejections (internal/process/task_queues.js:77:11)"}
{"_message":"Listing validation failed","errors":{"category":{"kind":"required","message":"Path `category` is required.","name":"ValidatorError","path":"category","properties":{"message":"Path `category` is required.","path":"category","type":"required"}}},"level":"error","message":"Listing validation failed: category: Path `category` is required. Listing validation failed: category: Path `category` is required.","stack":"ValidationError: Listing validation failed: category: Path `category` is required.\n    at model.Document.invalidate (D:\\work\\Project_Move\\backend\\node_modules\\mongoose\\lib\\document.js:2890:32)\n    at D:\\work\\Project_Move\\backend\\node_modules\\mongoose\\lib\\document.js:2681:17\n    at D:\\work\\Project_Move\\backend\\node_modules\\mongoose\\lib\\schematype.js:1280:9\n    at processTicksAndRejections (internal/process/task_queues.js:77:11)"}
{"_message":"Listing validation failed","errors":{"category":{"kind":"required","message":"Path `category` is required.","name":"ValidatorError","path":"category","properties":{"message":"Path `category` is required.","path":"category","type":"required"}}},"level":"error","message":"Listing validation failed: category: Path `category` is required. Listing validation failed: category: Path `category` is required.","stack":"ValidationError: Listing validation failed: category: Path `category` is required.\n    at model.Document.invalidate (D:\\work\\Project_Move\\backend\\node_modules\\mongoose\\lib\\document.js:2890:32)\n    at D:\\work\\Project_Move\\backend\\node_modules\\mongoose\\lib\\document.js:2681:17\n    at D:\\work\\Project_Move\\backend\\node_modules\\mongoose\\lib\\schematype.js:1280:9\n    at processTicksAndRejections (internal/process/task_queues.js:77:11)"}
{"_message":"Listing validation failed","errors":{"category":{"kind":"required","message":"Path `category` is required.","name":"ValidatorError","path":"category","properties":{"message":"Path `category` is required.","path":"category","type":"required"}}},"level":"error","message":"Listing validation failed: category: Path `category` is required. Listing validation failed: category: Path `category` is required.","stack":"ValidationError: Listing validation failed: category: Path `category` is required.\n    at model.Document.invalidate (D:\\work\\Project_Move\\backend\\node_modules\\mongoose\\lib\\document.js:2890:32)\n    at D:\\work\\Project_Move\\backend\\node_modules\\mongoose\\lib\\document.js:2681:17\n    at D:\\work\\Project_Move\\backend\\node_modules\\mongoose\\lib\\schematype.js:1280:9\n    at processTicksAndRejections (internal/process/task_queues.js:77:11)"}
{"level":"info","message":"Listening on port 3000..."}
{"level":"info","message":"Listening on port 3000..."}
{"_message":"Listing validation failed","errors":{"category":{"kind":"enum","message":"`hellooooo` is not a valid enum value for path `category`.","name":"ValidatorError","path":"category","properties":{"enumValues":["apartment","studio apartment","house"],"message":"`hellooooo` is not a valid enum value for path `category`.","path":"category","type":"enum","value":"hellooooo"},"value":"hellooooo"}},"level":"error","message":"Listing validation failed: category: `hellooooo` is not a valid enum value for path `category`. Listing validation failed: category: `hellooooo` is not a valid enum value for path `category`.","stack":"ValidationError: Listing validation failed: category: `hellooooo` is not a valid enum value for path `category`.\n    at model.Document.invalidate (D:\\work\\Project_Move\\backend\\node_modules\\mongoose\\lib\\document.js:2890:32)\n    at D:\\work\\Project_Move\\backend\\node_modules\\mongoose\\lib\\document.js:2681:17\n    at D:\\work\\Project_Move\\backend\\node_modules\\mongoose\\lib\\schematype.js:1280:9\n    at processTicksAndRejections (internal/process/task_queues.js:77:11)"}
{"_message":"Listing validation failed","errors":{"category":{"kind":"enum","message":"`cars` is not a valid enum value for path `category`.","name":"ValidatorError","path":"category","properties":{"enumValues":["apartment","studio apartment","house"],"message":"`cars` is not a valid enum value for path `category`.","path":"category","type":"enum","value":"cars"},"value":"cars"}},"level":"error","message":"Listing validation failed: category: `cars` is not a valid enum value for path `category`. Listing validation failed: category: `cars` is not a valid enum value for path `category`.","stack":"ValidationError: Listing validation failed: category: `cars` is not a valid enum value for path `category`.\n    at model.Document.invalidate (D:\\work\\Project_Move\\backend\\node_modules\\mongoose\\lib\\document.js:2890:32)\n    at D:\\work\\Project_Move\\backend\\node_modules\\mongoose\\lib\\document.js:2681:17\n    at D:\\work\\Project_Move\\backend\\node_modules\\mongoose\\lib\\schematype.js:1280:9\n    at processTicksAndRejections (internal/process/task_queues.js:77:11)"}
{"level":"info","message":"Listening on port 3000..."}
{"level":"info","message":"Listening on port 3000..."}
{"level":"info","message":"Listening on port 3000..."}
{"level":"info","message":"Listening on port 3000..."}
{"level":"info","message":"Listening on port 3000..."}
{"level":"info","message":"Listening on port 3000..."}
{"_message":"Listing validation failed","errors":{"category":{"kind":"enum","message":"`cars` is not a valid enum value for path `category`.","name":"ValidatorError","path":"category","properties":{"enumValues":["apartment","studio apartment","house"],"message":"`cars` is not a valid enum value for path `category`.","path":"category","type":"enum","value":"cars"},"value":"cars"}},"level":"error","message":"Listing validation failed: category: `cars` is not a valid enum value for path `category`. Listing validation failed: category: `cars` is not a valid enum value for path `category`.","stack":"ValidationError: Listing validation failed: category: `cars` is not a valid enum value for path `category`.\n    at model.Document.invalidate (D:\\work\\Project_Move\\backend\\node_modules\\mongoose\\lib\\document.js:2890:32)\n    at D:\\work\\Project_Move\\backend\\node_modules\\mongoose\\lib\\document.js:2681:17\n    at D:\\work\\Project_Move\\backend\\node_modules\\mongoose\\lib\\schematype.js:1280:9\n    at processTicksAndRejections (internal/process/task_queues.js:77:11)"}
{"level":"info","message":"Listening on port 3000..."}
{"_message":"Listing validation failed","errors":{"category":{"kind":"enum","message":"`cars` is not a valid enum value for path `category`.","name":"ValidatorError","path":"category","properties":{"enumValues":["apartment","studio apartment","house"],"message":"`cars` is not a valid enum value for path `category`.","path":"category","type":"enum","value":"cars"},"value":"cars"}},"level":"error","message":"Listing validation failed: category: `cars` is not a valid enum value for path `category`. Listing validation failed: category: `cars` is not a valid enum value for path `category`.","stack":"ValidationError: Listing validation failed: category: `cars` is not a valid enum value for path `category`.\n    at model.Document.invalidate (D:\\work\\Project_Move\\backend\\node_modules\\mongoose\\lib\\document.js:2890:32)\n    at D:\\work\\Project_Move\\backend\\node_modules\\mongoose\\lib\\document.js:2681:17\n    at D:\\work\\Project_Move\\backend\\node_modules\\mongoose\\lib\\schematype.js:1280:9\n    at processTicksAndRejections (internal/process/task_queues.js:77:11)"}
{"_message":"Listing validation failed","errors":{"category":{"kind":"enum","message":"`cars` is not a valid enum value for path `category`.","name":"ValidatorError","path":"category","properties":{"enumValues":["apartment","studio apartment","house"],"message":"`cars` is not a valid enum value for path `category`.","path":"category","type":"enum","value":"cars"},"value":"cars"}},"level":"error","message":"Listing validation failed: category: `cars` is not a valid enum value for path `category`. Listing validation failed: category: `cars` is not a valid enum value for path `category`.","stack":"ValidationError: Listing validation failed: category: `cars` is not a valid enum value for path `category`.\n    at model.Document.invalidate (D:\\work\\Project_Move\\backend\\node_modules\\mongoose\\lib\\document.js:2890:32)\n    at D:\\work\\Project_Move\\backend\\node_modules\\mongoose\\lib\\document.js:2681:17\n    at D:\\work\\Project_Move\\backend\\node_modules\\mongoose\\lib\\schematype.js:1280:9\n    at processTicksAndRejections (internal/process/task_queues.js:77:11)"}
{"level":"info","message":"Listening on port 3000..."}
{"level":"info","message":"Listening on port 3000..."}
